<?xml version="1.0" encoding="UTF-8"?>
<!-- Generated by org.testng.reporters.JUnitXMLReporter -->
<testsuite ignored="4" hostname="Lakshmis-MacBook-Pro.local" failures="0" tests="1" name="Default test" time="1.786" errors="0" timestamp="2023-07-17T18:59:45 MST">
  <testcase classname="com.test.tests.ApiE2ETestScripts" name="testCase_2" time="1.395"/>
  <testcase classname="com.test.tests.ApiE2ETestScripts" name="testCase_3" time="0.0">
    <ignored/>
  </testcase> <!-- testCase_3 -->
  <testcase classname="com.test.tests.ApiE2ETestScripts" name="testCase_4" time="0.0">
    <ignored/>
  </testcase> <!-- testCase_4 -->
  <testcase classname="com.test.tests.ApiE2ETestScripts" name="testCase_1" time="0.0">
    <ignored/>
  </testcase> <!-- testCase_1 -->
  <testcase classname="com.test.tests.ApiE2ETestScripts" name="testCase_5" time="0.0">
    <ignored/>
  </testcase> <!-- testCase_5 -->
</testsuite> <!-- Default test -->
